2023-02-19 01:55:21,369 INFO h.Logger [main] Перешли на страницу Отуса
2023-02-19 01:55:26,384 INFO h.Logger [main] Авторизовались
2023-02-19 01:55:40,670 INFO h.Logger [main] Перешли в профиль и заполнили иноформацию о себе
2023-02-19 01:56:23,028 INFO h.Logger [main] Перешли на страницу Отуса
2023-02-19 01:56:27,890 INFO h.Logger [main] Авторизовались
2023-02-19 01:56:43,794 INFO h.Logger [main] Перешли в профиль и заполнили иноформацию о себе
2023-02-19 01:56:45,573 INFO h.Logger [main] Открыли в чистом браузере
2023-02-19 01:57:03,046 INFO h.Logger [main] Перешли в профиль и проверили введенные данные
2023-02-19 01:58:17,039 INFO h.Logger [main] Перешли на страницу Отуса
2023-02-19 01:58:21,110 INFO h.Logger [main] Авторизовались
2023-02-19 01:58:34,269 INFO h.Logger [main] Перешли в профиль и заполнили иноформацию о себе
2023-02-19 01:58:36,274 INFO h.Logger [main] Открыли в чистом браузере
2023-02-19 01:58:53,045 INFO h.Logger [main] Перешли в профиль и проверили введенные данные
2023-02-19 02:00:31,468 INFO h.Logger [main] Перешли на страницу Отуса
2023-02-19 02:00:36,140 INFO h.Logger [main] Авторизовались
2023-02-19 02:00:50,505 INFO h.Logger [main] Перешли в профиль и заполнили иноформацию о себе
2023-02-19 02:00:53,097 INFO h.Logger [main] Открыли в чистом браузере
2023-02-19 02:01:10,749 INFO h.Logger [main] Перешли в профиль и проверили введенные данные
2023-02-19 02:02:50,361 INFO h.Logger [main] Перешли на страницу Отуса
2023-02-19 02:02:54,532 INFO h.Logger [main] Авторизовались
2023-02-19 02:03:07,979 INFO h.Logger [main] Перешли в профиль и заполнили иноформацию о себе
2023-02-19 02:03:10,379 INFO h.Logger [main] Открыли в чистом браузере
2023-02-19 02:03:26,947 INFO h.Logger [main] Перешли в профиль и проверили введенные данные
2023-02-19 02:05:23,732 INFO h.Logger [main] Перешли на страницу Отуса
2023-02-19 02:05:27,783 INFO h.Logger [main] Авторизовались
2023-02-19 02:05:41,207 INFO h.Logger [main] Перешли в профиль и заполнили иноформацию о себе
2023-02-19 02:05:50,192 INFO h.Logger [main] Открыли в чистом браузере
2023-02-19 02:06:07,122 INFO h.Logger [main] Перешли в профиль и проверили введенные данные
